<?xml version="1.0" encoding="UTF-8"?>
<!-- Generated by org.testng.reporters.JUnitReportReporter -->
<testsuite name="com.qa.testlogic.TestCase1" tests="6" time="3.374" ignored="0" failures="0" timestamp="23 Dec 2021 22:33:56 GMT" skipped="0" hostname="DESKTOP-OQ59V6H" errors="0">
  <testcase name="startCase2" time="0.083" classname="com.qa.testlogic.TestCase1"/>
  <testcase name="startCase2" time="0.078" classname="com.qa.testlogic.TestCase1"/>
  <testcase name="startCase1" time="0.029" classname="com.qa.testlogic.TestCase1"/>
  <testcase name="startCase1" time="0.042" classname="com.qa.testlogic.TestCase1"/>
  <testcase name="startCase3" time="1.579" classname="com.qa.testlogic.TestCase1"/>
  <testcase name="startCase3" time="1.563" classname="com.qa.testlogic.TestCase1"/>
</testsuite> <!-- com.qa.testlogic.TestCase1 -->
