<?xml version="1.0" encoding="UTF-8"?>
<!-- Generated by org.testng.reporters.JUnitReportReporter -->
<testsuite name="com.qa.testlogic.BuildWidOutParam" tests="1" time="19.693" ignored="0" failures="0" timestamp="27 Dec 2021 22:03:08 GMT" skipped="0" hostname="DESKTOP-OQ59V6H" errors="0">
  <testcase name="setup" time="19.693" classname="com.qa.testlogic.BuildWidOutParam"/>
</testsuite> <!-- com.qa.testlogic.BuildWidOutParam -->
