<?xml version="1.0" encoding="UTF-8"?>
<!-- Generated by org.testng.reporters.JUnitReportReporter -->
<testsuite name="com.qa.testlogic.Priority" tests="2" time="0.015" ignored="0" failures="0" timestamp="03 Jan 2022 09:24:44 GMT" skipped="0" hostname="DESKTOP-OQ59V6H" errors="0">
  <testcase name="test2" time="0.014" classname="com.qa.testlogic.Priority"/>
  <testcase name="test1" time="0.001" classname="com.qa.testlogic.Priority"/>
</testsuite> <!-- com.qa.testlogic.Priority -->
