<?xml version="1.0" encoding="UTF-8"?>
<!-- Generated by org.testng.reporters.JUnitReportReporter -->
<testsuite name="com.qa.testlogic.TestCase2" tests="6" time="5.144" ignored="0" failures="0" timestamp="27 Dec 2021 18:06:11 GMT" skipped="0" hostname="DESKTOP-OQ59V6H" errors="0">
  <testcase name="startCase1" time="0.212" classname="com.qa.testlogic.TestCase2"/>
  <testcase name="startCase3" time="2.198" classname="com.qa.testlogic.TestCase2"/>
  <testcase name="startCase2" time="0.213" classname="com.qa.testlogic.TestCase2"/>
  <testcase name="startCase2" time="0.216" classname="com.qa.testlogic.TestCase2"/>
  <testcase name="startCase1" time="0.217" classname="com.qa.testlogic.TestCase2"/>
  <testcase name="startCase3" time="2.088" classname="com.qa.testlogic.TestCase2"/>
</testsuite> <!-- com.qa.testlogic.TestCase2 -->
