<?xml version="1.0" encoding="UTF-8"?>
<!-- Generated by org.testng.reporters.JUnitReportReporter -->
<testsuite ignored="0" hostname="DESKTOP-OQ59V6H" failures="0" tests="3" name="com.qa.testlogic.TestCase1" time="0.019" errors="0" timestamp="21 Dec 2021 22:49:41 GMT" skipped="0">
  <testcase classname="com.qa.testlogic.TestCase1" name="startCase1" time="0.015"/>
  <testcase classname="com.qa.testlogic.TestCase1" name="startCase2" time="0.002"/>
  <testcase classname="com.qa.testlogic.TestCase1" name="startCase3" time="0.002"/>
</testsuite> <!-- com.qa.testlogic.TestCase1 -->
