<?xml version="1.0" encoding="UTF-8"?>
<!-- Generated by org.testng.reporters.JUnitReportReporter -->
<testsuite name="com.qa.testlogic.TestCase2" tests="6" time="3.018" ignored="0" failures="0" timestamp="23 Dec 2021 22:33:56 GMT" skipped="0" hostname="DESKTOP-OQ59V6H" errors="0">
  <testcase name="startCase3" time="1.489" classname="com.qa.testlogic.TestCase2"/>
  <testcase name="startCase2" time="0.006" classname="com.qa.testlogic.TestCase2"/>
  <testcase name="startCase3" time="1.505" classname="com.qa.testlogic.TestCase2"/>
  <testcase name="startCase1" time="0.004" classname="com.qa.testlogic.TestCase2"/>
  <testcase name="startCase2" time="0.007" classname="com.qa.testlogic.TestCase2"/>
  <testcase name="startCase1" time="0.007" classname="com.qa.testlogic.TestCase2"/>
</testsuite> <!-- com.qa.testlogic.TestCase2 -->
