<?xml version="1.0" encoding="UTF-8"?>
<!-- Generated by org.testng.reporters.JUnitReportReporter -->
<testsuite name="com.qa.testlogic.TestCase3" tests="6" time="1.777" ignored="0" failures="0" timestamp="23 Dec 2021 22:33:56 GMT" skipped="0" hostname="DESKTOP-OQ59V6H" errors="0">
  <testcase name="startCase2" time="0.001" classname="com.qa.testlogic.TestCase3"/>
  <testcase name="startCase3" time="0.843" classname="com.qa.testlogic.TestCase3"/>
  <testcase name="startCase1" time="0.001" classname="com.qa.testlogic.TestCase3"/>
  <testcase name="startCase2" time="0.001" classname="com.qa.testlogic.TestCase3"/>
  <testcase name="startCase1" time="0.001" classname="com.qa.testlogic.TestCase3"/>
  <testcase name="startCase3" time="0.930" classname="com.qa.testlogic.TestCase3"/>
</testsuite> <!-- com.qa.testlogic.TestCase3 -->
