<?xml version="1.0" encoding="UTF-8"?>
<!-- Generated by org.testng.reporters.JUnitReportReporter -->
<testsuite name="com.qa.testlogic.TestCase3" tests="6" time="3.874" ignored="0" failures="0" timestamp="27 Dec 2021 18:06:11 GMT" skipped="0" hostname="DESKTOP-OQ59V6H" errors="0">
  <testcase name="startCase1" time="0.007" classname="com.qa.testlogic.TestCase3"/>
  <testcase name="startCase2" time="0.005" classname="com.qa.testlogic.TestCase3"/>
  <testcase name="startCase1" time="0.013" classname="com.qa.testlogic.TestCase3"/>
  <testcase name="startCase3" time="1.864" classname="com.qa.testlogic.TestCase3"/>
  <testcase name="startCase2" time="0.010" classname="com.qa.testlogic.TestCase3"/>
  <testcase name="startCase3" time="1.975" classname="com.qa.testlogic.TestCase3"/>
</testsuite> <!-- com.qa.testlogic.TestCase3 -->
