<?xml version="1.0" encoding="UTF-8"?>
<!-- Generated by org.testng.reporters.JUnitReportReporter -->
<testsuite name="com.qa.testlogic.TestCase1" tests="3" time="1.111" ignored="0" failures="0" timestamp="23 Dec 2021 21:40:48 GMT" skipped="0" hostname="DESKTOP-OQ59V6H" errors="0">
  <testcase name="startCase2" time="0.022" classname="com.qa.testlogic.TestCase1"/>
  <testcase name="startCase1" time="0.022" classname="com.qa.testlogic.TestCase1"/>
  <testcase name="startCase3" time="1.067" classname="com.qa.testlogic.TestCase1"/>
</testsuite> <!-- com.qa.testlogic.TestCase1 -->
