<?xml version="1.0" encoding="UTF-8"?>
<!-- Generated by org.testng.reporters.JUnitReportReporter -->
<testsuite ignored="0" hostname="DESKTOP-OQ59V6H" failures="0" tests="1" name="com.qa.testlogic.TestCase1" time="0.014" errors="0" timestamp="21 Dec 2021 15:59:36 GMT" skipped="0">
  <testcase classname="com.qa.testlogic.TestCase1" name="startCase" time="0.014"/>
</testsuite> <!-- com.qa.testlogic.TestCase1 -->
