<?xml version="1.0" encoding="UTF-8"?>
<!-- Generated by org.testng.reporters.JUnitReportReporter -->
<testsuite hostname="DESKTOP-OQ59V6H" failures="0" tests="3" name="com.qa.testlogic.TestCase3" time="1.205" errors="0" timestamp="2021-12-24T03:11:38 IST" skipped="0">
  <testcase classname="com.qa.testlogic.TestCase3" name="startCase3" time="1.200"/>
  <system-out/>
  <testcase classname="com.qa.testlogic.TestCase3" name="startCase1" time="0.001"/>
  <system-out/>
  <testcase classname="com.qa.testlogic.TestCase3" name="startCase2" time="0.004"/>
  <system-out/>
</testsuite> <!-- com.qa.testlogic.TestCase3 -->
