<?xml version="1.0" encoding="UTF-8"?>
<!-- Generated by org.testng.reporters.JUnitReportReporter -->
<testsuite hostname="DESKTOP-OQ59V6H" failures="0" tests="3" name="com.qa.testlogic.TestCase1" time="0.761" errors="0" timestamp="2021-12-24T03:11:38 IST" skipped="0">
  <testcase classname="com.qa.testlogic.TestCase1" name="startCase2" time="0.001"/>
  <system-out/>
  <testcase classname="com.qa.testlogic.TestCase1" name="startCase3" time="0.752"/>
  <system-out/>
  <testcase classname="com.qa.testlogic.TestCase1" name="startCase1" time="0.008"/>
  <system-out/>
</testsuite> <!-- com.qa.testlogic.TestCase1 -->
